救在你身边/build/outputs/logs/manifest-merger-release-report.txt
-- Merging decision tree log ---
manifest
ADDED from src\main\AndroidManifest.xml:2:1-71:12
	package
		ADDED from src\main\AndroidManifest.xml:3:5-31
		INJECTED from src\main\AndroidManifest.xml
		INJECTED from src\main\AndroidManifest.xml
	android:versionName
		ADDED from src\main\AndroidManifest.xml:5:5-30
	android:versionCode
		ADDED from src\main\AndroidManifest.xml:4:5-28
		INJECTED from src\main\AndroidManifest.xml
		INJECTED from src\main\AndroidManifest.xml
	xmlns:android
		ADDED from src\main\AndroidManifest.xml:2:11-69
uses-sdk
ADDED from src\main\AndroidManifest.xml:7:5-9:41
MERGED from [com.android.support:support-v4:23.1.1] AndroidManifest.xml:20:5-43
MERGED from [com.jiechic.library:xUtils:2.6.14] AndroidManifest.xml:7:5-9:41
MERGED from [com.android.support:recyclerview-v7:23.1.1] AndroidManifest.xml:20:5-43
MERGED from [com.android.support:support-v4:23.1.1] AndroidManifest.xml:20:5-43
	android:targetSdkVersion
		ADDED from src\main\AndroidManifest.xml:9:9-38
		INJECTED from src\main\AndroidManifest.xml
		INJECTED from src\main\AndroidManifest.xml
	android:minSdkVersion
		ADDED from src\main\AndroidManifest.xml:8:9-35
		INJECTED from src\main\AndroidManifest.xml
		INJECTED from src\main\AndroidManifest.xml
uses-permission#android.permission.INTERNET
ADDED from src\main\AndroidManifest.xml:11:5-67
	android:name
		ADDED from src\main\AndroidManifest.xml:11:22-64
uses-permission#android.permission.WRITE_EXTERNAL_STORAGE
ADDED from src\main\AndroidManifest.xml:12:5-81
	android:name
		ADDED from src\main\AndroidManifest.xml:12:22-78
uses-permission#android.permission.ACCESS_COARSE_LOCATION
ADDED from src\main\AndroidManifest.xml:13:5-81
	android:name
		ADDED from src\main\AndroidManifest.xml:13:22-78
uses-permission#android.permission.ACCESS_NETWORK_STATE
ADDED from src\main\AndroidManifest.xml:14:5-79
	android:name
		ADDED from src\main\AndroidManifest.xml:14:22-76
uses-permission#android.permission.ACCESS_FINE_LOCATION
ADDED from src\main\AndroidManifest.xml:15:5-79
	android:name
		ADDED from src\main\AndroidManifest.xml:15:22-76
uses-permission#android.permission.ACCESS_LOCATION_EXTRA_COMMANDS
ADDED from src\main\AndroidManifest.xml:16:5-89
	android:name
		ADDED from src\main\AndroidManifest.xml:16:22-86
uses-permission#android.permission.READ_PHONE_STATE
ADDED from src\main\AndroidManifest.xml:18:5-75
	android:name
		ADDED from src\main\AndroidManifest.xml:18:22-72
uses-permission#android.permission.CHANGE_WIFI_STATE
ADDED from src\main\AndroidManifest.xml:19:5-76
	android:name
		ADDED from src\main\AndroidManifest.xml:19:22-73
uses-permission#android.permission.ACCESS_WIFI_STATE
ADDED from src\main\AndroidManifest.xml:20:5-76
	android:name
		ADDED from src\main\AndroidManifest.xml:20:22-73
uses-permission#android.permission.CHANGE_CONFIGURATION
ADDED from src\main\AndroidManifest.xml:21:5-79
	android:name
		ADDED from src\main\AndroidManifest.xml:21:22-76
uses-permission#android.permission.WAKE_LOCK
ADDED from src\main\AndroidManifest.xml:22:5-68
	android:name
		ADDED from src\main\AndroidManifest.xml:22:22-65
uses-permission#android.permission.WRITE_SETTINGS
ADDED from src\main\AndroidManifest.xml:23:5-73
	android:name
		ADDED from src\main\AndroidManifest.xml:23:22-70
uses-permission#android.permission.DISABLE_KEYGUARD
ADDED from src\main\AndroidManifest.xml:24:5-75
	android:name
		ADDED from src\main\AndroidManifest.xml:24:22-72
uses-permission#android.permission.GET_PACKAGE_SIZE
ADDED from src\main\AndroidManifest.xml:25:5-75
	android:name
		ADDED from src\main\AndroidManifest.xml:25:22-72
uses-permission#android.permission.READ_LOGS
ADDED from src\main\AndroidManifest.xml:26:5-68
	android:name
		ADDED from src\main\AndroidManifest.xml:26:22-65
uses-permission#android.permission.CALL_PHONE
ADDED from src\main\AndroidManifest.xml:27:5-69
	android:name
		ADDED from src\main\AndroidManifest.xml:27:22-66
application
ADDED from src\main\AndroidManifest.xml:29:5-70:19
MERGED from [com.android.support:support-v4:23.1.1] AndroidManifest.xml:22:5-20
MERGED from [com.jiechic.library:xUtils:2.6.14] AndroidManifest.xml:11:5-20
MERGED from [com.android.support:support-v4:23.1.1] AndroidManifest.xml:22:5-20
	android:label
		ADDED from src\main\AndroidManifest.xml:32:9-41
	android:allowBackup
		ADDED from src\main\AndroidManifest.xml:30:9-35
	android:icon
		ADDED from src\main\AndroidManifest.xml:31:9-42
	android:theme
		ADDED from src\main\AndroidManifest.xml:33:9-40
meta-data#com.amap.api.v2.apikey
ADDED from src\main\AndroidManifest.xml:34:9-36:64
	android:value
		ADDED from src\main\AndroidManifest.xml:36:13-61
	android:name
		ADDED from src\main\AndroidManifest.xml:35:13-50
service#com.amap.api.location.APSService
ADDED from src\main\AndroidManifest.xml:38:9-76
	android:name
		ADDED from src\main\AndroidManifest.xml:38:18-65
activity#com.henli.user.aty.GuideActivity
ADDED from src\main\AndroidManifest.xml:40:9-47:20
	android:label
		ADDED from src\main\AndroidManifest.xml:42:13-45
	android:name
		ADDED from src\main\AndroidManifest.xml:41:13-60
intent-filter#android.intent.action.MAIN+android.intent.category.LAUNCHER
ADDED from src\main\AndroidManifest.xml:43:13-46:29
action#android.intent.action.MAIN
ADDED from src\main\AndroidManifest.xml:44:17-69
	android:name
		ADDED from src\main\AndroidManifest.xml:44:25-66
category#android.intent.category.LAUNCHER
ADDED from src\main\AndroidManifest.xml:45:17-77
	android:name
		ADDED from src\main\AndroidManifest.xml:45:27-74
activity#com.henli.user.aty.RadioButtonActivity
ADDED from src\main\AndroidManifest.xml:49:9-75
	android:name
		ADDED from src\main\AndroidManifest.xml:49:19-72
activity#com.henli.user.aty.FamilyActivity
ADDED from src\main\AndroidManifest.xml:50:9-70
	android:name
		ADDED from src\main\AndroidManifest.xml:50:19-67
activity#com.henli.user.aty.HomeActivity
ADDED from src\main\AndroidManifest.xml:51:9-68
	android:name
		ADDED from src\main\AndroidManifest.xml:51:19-65
activity#com.henli.user.aty.KnowledgeActivity
ADDED from src\main\AndroidManifest.xml:52:9-73
	android:name
		ADDED from src\main\AndroidManifest.xml:52:19-70
activity#com.henli.user.aty.PersonalActivity
ADDED from src\main\AndroidManifest.xml:53:9-72
	android:name
		ADDED from src\main\AndroidManifest.xml:53:19-69
activity#com.henli.user.aty.LoginActivity
ADDED from src\main\AndroidManifest.xml:54:9-69
	android:name
		ADDED from src\main\AndroidManifest.xml:54:19-66
activity#com.henli.user.aty.DetailActivity
ADDED from src\main\AndroidManifest.xml:55:9-70
	android:name
		ADDED from src\main\AndroidManifest.xml:55:19-67
activity#com.henli.user.aty.RegisterActivity
ADDED from src\main\AndroidManifest.xml:56:9-72
	android:name
		ADDED from src\main\AndroidManifest.xml:56:19-69
activity#com.henli.user.aty.GPSNaviActivity
ADDED from src\main\AndroidManifest.xml:57:9-71
	android:name
		ADDED from src\main\AndroidManifest.xml:57:19-68
activity#com.henli.user.aty.CollectNextActivity
ADDED from src\main\AndroidManifest.xml:58:9-75
	android:name
		ADDED from src\main\AndroidManifest.xml:58:19-72
activity#com.henli.user.aty.SettingActivity
ADDED from src\main\AndroidManifest.xml:59:9-71
	android:name
		ADDED from src\main\AndroidManifest.xml:59:19-68
activity#com.henli.user.aty.FanKuiActivity
ADDED from src\main\AndroidManifest.xml:60:9-70
	android:name
		ADDED from src\main\AndroidManifest.xml:60:19-67
activity#com.henli.user.aty.BingliActivity
ADDED from src\main\AndroidManifest.xml:61:9-70
	android:name
		ADDED from src\main\AndroidManifest.xml:61:19-67
activity#com.henli.user.aty.MymoneyActivity
ADDED from src\main\AndroidManifest.xml:62:9-71
	android:name
		ADDED from src\main\AndroidManifest.xml:62:19-68
activity#com.henli.user.aty.ItemActivity
ADDED from src\main\AndroidManifest.xml:63:9-68
	android:name
		ADDED from src\main\AndroidManifest.xml:63:19-65
activity#com.henli.user.aty.MycollectActivity
ADDED from src\main\AndroidManifest.xml:64:9-73
	android:name
		ADDED from src\main\AndroidManifest.xml:64:19-70
activity#com.henli.user.aty.SearchActivity
ADDED from src\main\AndroidManifest.xml:65:9-70
	android:name
		ADDED from src\main\AndroidManifest.xml:65:19-67
activity#com.henli.driver.aty.DriverActivity
ADDED from src\main\AndroidManifest.xml:66:9-72
	android:name
		ADDED from src\main\AndroidManifest.xml:66:19-69
activity#com.henli.user.aty.ChildDrugActivity
ADDED from src\main\AndroidManifest.xml:67:9-73
	android:name
		ADDED from src\main\AndroidManifest.xml:67:19-70
activity#com.henli.user.aty.DrugActivity
ADDED from src\main\AndroidManifest.xml:68:9-68
	android:name
		ADDED from src\main\AndroidManifest.xml:68:19-65